[debug] [2020-01-11T18:57:16.899Z] ----------------------------------------------------------------------
[debug] [2020-01-11T18:57:16.902Z] Command:       C:\Program Files\nodejs\node.exe C:\Users\Sarath C Ani\AppData\Roaming\npm\node_modules\firebase-tools\lib\bin\firebase.js init hosting
[debug] [2020-01-11T18:57:16.902Z] CLI Version:   7.11.0
[debug] [2020-01-11T18:57:16.902Z] Platform:      win32
[debug] [2020-01-11T18:57:16.902Z] Node Version:  v10.16.0
[debug] [2020-01-11T18:57:16.903Z] Time:          Sun Jan 12 2020 00:27:16 GMT+0530 (India Standard Time)
[debug] [2020-01-11T18:57:16.903Z] ----------------------------------------------------------------------
[debug] [2020-01-11T18:57:16.903Z] 
[debug] [2020-01-11T18:57:16.911Z] > command requires scopes: ["email","openid","https://www.googleapis.com/auth/cloudplatformprojects.readonly","https://www.googleapis.com/auth/firebase","https://www.googleapis.com/auth/cloud-platform"]
[debug] [2020-01-11T18:57:16.912Z] > authorizing via signed-in user
[info] 
     ######## #### ########  ######## ########     ###     ######  ########
     ##        ##  ##     ## ##       ##     ##  ##   ##  ##       ##
     ######    ##  ########  ######   ########  #########  ######  ######
     ##        ##  ##    ##  ##       ##     ## ##     ##       ## ##
     ##       #### ##     ## ######## ########  ##     ##  ######  ########

You're about to initialize a Firebase project in this directory:

  C:\Users\Sarath C Ani\Documents\shell\milkieway

[info] 
=== Project Setup
[info] 
[info] First, let's associate this project directory with a Firebase project.
[info] You can create multiple project aliases by running firebase use --add, 
[info] but for now we'll just set up a default project.
[info] 
